2026-02-02 08:30:40 [cluster-ClusterId{value='697c8d82bc658857a687767e', description='null'}-ac-1wjcxje-shard-00-02.sjmtr4c.mongodb.net:27017] INFO  org.mongodb.driver.cluster - Monitor thread successfully connected to server with description ServerDescription{address=ac-1wjcxje-shard-00-02.sjmtr4c.mongodb.net:27017, type=REPLICA_SET_PRIMARY, cryptd=false, state=CONNECTED, ok=true, minWireVersion=0, maxWireVersion=25, maxDocumentSize=16777216, logicalSessionTimeoutMinutes=30, roundTripTimeNanos=96190400, minRoundTripTimeNanos=0, setName='atlas-haws0i-shard-0', canonicalAddress=ac-1wjcxje-shard-00-02.sjmtr4c.mongodb.net:27017, hosts=[ac-1wjcxje-shard-00-01.sjmtr4c.mongodb.net:27017, ac-1wjcxje-shard-00-00.sjmtr4c.mongodb.net:27017, ac-1wjcxje-shard-00-02.sjmtr4c.mongodb.net:27017], passives=[], arbiters=[], primary='ac-1wjcxje-shard-00-02.sjmtr4c.mongodb.net:27017', tagSet=TagSet{[Tag{name='availabilityZone', value='aps1-az2'}, Tag{name='diskState', value='READY'}, Tag{name='nodeType', value='ELECTABLE'}, Tag{name='provider', value='AWS'}, Tag{name='region', value='AP_SOUTH_1'}, Tag{name='workloadType', value='OPERATIONAL'}]}, electionId=7fffffff000000000000013a, setVersion=341, topologyVersion=TopologyVersion{processId=697a5c70ead2efa82e307c5d, counter=6}, lastWriteDate=Mon Feb 02 08:30:41 IST 2026, lastUpdateTimeNanos=1972610175187600}
2026-02-02 08:30:40 [cluster-ClusterId{value='697c8d82bc658857a687767e', description='null'}-ac-1wjcxje-shard-00-02.sjmtr4c.mongodb.net:27017] INFO  org.mongodb.driver.cluster - Discovered replica set primary ac-1wjcxje-shard-00-02.sjmtr4c.mongodb.net:27017 with max election id 7fffffff000000000000013a and max set version 341
2026-02-02 08:30:40 [cluster-ClusterId{value='697c8d82bc658857a687767e', description='null'}-ac-1wjcxje-shard-00-01.sjmtr4c.mongodb.net:27017] INFO  org.mongodb.driver.cluster - Monitor thread successfully connected to server with description ServerDescription{address=ac-1wjcxje-shard-00-01.sjmtr4c.mongodb.net:27017, type=REPLICA_SET_SECONDARY, cryptd=false, state=CONNECTED, ok=true, minWireVersion=0, maxWireVersion=25, maxDocumentSize=16777216, logicalSessionTimeoutMinutes=30, roundTripTimeNanos=101456700, minRoundTripTimeNanos=0, setName='atlas-haws0i-shard-0', canonicalAddress=ac-1wjcxje-shard-00-01.sjmtr4c.mongodb.net:27017, hosts=[ac-1wjcxje-shard-00-01.sjmtr4c.mongodb.net:27017, ac-1wjcxje-shard-00-00.sjmtr4c.mongodb.net:27017, ac-1wjcxje-shard-00-02.sjmtr4c.mongodb.net:27017], passives=[], arbiters=[], primary='ac-1wjcxje-shard-00-02.sjmtr4c.mongodb.net:27017', tagSet=TagSet{[Tag{name='availabilityZone', value='aps1-az3'}, Tag{name='diskState', value='READY'}, Tag{name='nodeType', value='ELECTABLE'}, Tag{name='provider', value='AWS'}, Tag{name='region', value='AP_SOUTH_1'}, Tag{name='workloadType', value='OPERATIONAL'}]}, electionId=null, setVersion=341, topologyVersion=TopologyVersion{processId=697a5f7aa82e8f7f590fafdc, counter=3}, lastWriteDate=Mon Feb 02 08:30:41 IST 2026, lastUpdateTimeNanos=1972610180393800}
2026-02-02 08:30:49 [cluster-ClusterId{value='697c8d82bc658857a687767e', description='null'}-ac-1wjcxje-shard-00-00.sjmtr4c.mongodb.net:27017] INFO  org.mongodb.driver.cluster - Monitor thread successfully connected to server with description ServerDescription{address=ac-1wjcxje-shard-00-00.sjmtr4c.mongodb.net:27017, type=REPLICA_SET_SECONDARY, cryptd=false, state=CONNECTED, ok=true, minWireVersion=0, maxWireVersion=25, maxDocumentSize=16777216, logicalSessionTimeoutMinutes=30, roundTripTimeNanos=46316900, minRoundTripTimeNanos=0, setName='atlas-haws0i-shard-0', canonicalAddress=ac-1wjcxje-shard-00-00.sjmtr4c.mongodb.net:27017, hosts=[ac-1wjcxje-shard-00-01.sjmtr4c.mongodb.net:27017, ac-1wjcxje-shard-00-00.sjmtr4c.mongodb.net:27017, ac-1wjcxje-shard-00-02.sjmtr4c.mongodb.net:27017], passives=[], arbiters=[], primary='ac-1wjcxje-shard-00-02.sjmtr4c.mongodb.net:27017', tagSet=TagSet{[Tag{name='availabilityZone', value='aps1-az1'}, Tag{name='diskState', value='READY'}, Tag{name='nodeType', value='ELECTABLE'}, Tag{name='provider', value='AWS'}, Tag{name='region', value='AP_SOUTH_1'}, Tag{name='workloadType', value='OPERATIONAL'}]}, electionId=null, setVersion=341, topologyVersion=TopologyVersion{processId=697a595ecce0cfc5fc9449d1, counter=4}, lastWriteDate=Mon Feb 02 08:30:50 IST 2026, lastUpdateTimeNanos=1972619824158700}
2026-02-02 08:31:22 [AsyncResolver-bootstrap-executor-%d] INFO  c.n.d.s.r.aws.ConfigClusterResolver - Resolving eureka endpoints via configuration
2026-02-02 08:36:22 [AsyncResolver-bootstrap-executor-%d] INFO  c.n.d.s.r.aws.ConfigClusterResolver - Resolving eureka endpoints via configuration
2026-02-02 08:37:12 [MessageBroker-2] INFO  o.s.w.s.c.WebSocketMessageBrokerStats - WebSocketSession[0 current WS(0)-HttpStream(0)-HttpPoll(0), 0 total, 0 closed abnormally (0 connect failure, 0 send limit, 0 transport error)], stompSubProtocol[processed CONNECT(0)-CONNECTED(0)-DISCONNECT(0)], stompBrokerRelay[null], inboundChannel[pool size = 0, active threads = 0, queued tasks = 0, completed tasks = 0], outboundChannel[pool size = 0, active threads = 0, queued tasks = 0, completed tasks = 0], sockJsScheduler[pool size = 12, active threads = 1, queued tasks = 0, completed tasks = 13]
2026-02-02 08:47:24 [cluster-ClusterId{value='697c8d82bc658857a687767e', description='null'}-ac-1wjcxje-shard-00-02.sjmtr4c.mongodb.net:27017] INFO  org.mongodb.driver.cluster - Exception in monitor thread while connecting to server ac-1wjcxje-shard-00-02.sjmtr4c.mongodb.net:27017
com.mongodb.MongoSocketReadException: Exception receiving message
	at com.mongodb.internal.connection.InternalStreamConnection.translateReadException(InternalStreamConnection.java:814)
	at com.mongodb.internal.connection.InternalStreamConnection.receiveResponseBuffers(InternalStreamConnection.java:862)
	at com.mongodb.internal.connection.InternalStreamConnection.receiveCommandMessageResponse(InternalStreamConnection.java:517)
	at com.mongodb.internal.connection.InternalStreamConnection.receive(InternalStreamConnection.java:469)
	at com.mongodb.internal.connection.DefaultServerMonitor$ServerMonitor.lookupServerDescription(DefaultServerMonitor.java:249)
	at com.mongodb.internal.connection.DefaultServerMonitor$ServerMonitor.run(DefaultServerMonitor.java:176)
Caused by: java.net.SocketException: Connection reset
	at java.base/sun.nio.ch.NioSocketImpl.implRead(NioSocketImpl.java:316)
	at java.base/sun.nio.ch.NioSocketImpl.read(NioSocketImpl.java:354)
	at java.base/sun.nio.ch.NioSocketImpl$1.read(NioSocketImpl.java:798)
	at java.base/java.net.Socket$SocketInputStream.implRead(Socket.java:974)
	at java.base/java.net.Socket$SocketInputStream.read(Socket.java:964)
	at java.base/sun.security.ssl.SSLSocketInputRecord.read(SSLSocketInputRecord.java:489)
	at java.base/sun.security.ssl.SSLSocketInputRecord.readHeader(SSLSocketInputRecord.java:483)
	at java.base/sun.security.ssl.SSLSocketInputRecord.bytesInCompletePacket(SSLSocketInputRecord.java:70)
	at java.base/sun.security.ssl.SSLSocketImpl.readApplicationRecord(SSLSocketImpl.java:1461)
	at java.base/sun.security.ssl.SSLSocketImpl$AppInputStream.read(SSLSocketImpl.java:1068)
	at com.mongodb.internal.connection.SocketStream.read(SocketStream.java:182)
	at com.mongodb.internal.connection.InternalStreamConnection.receiveResponseBuffers(InternalStreamConnection.java:829)
	... 4 common frames omitted
2026-02-02 08:47:24 [cluster-ClusterId{value='697c8d82bc658857a687767e', description='null'}-ac-1wjcxje-shard-00-01.sjmtr4c.mongodb.net:27017] INFO  org.mongodb.driver.cluster - Exception in monitor thread while connecting to server ac-1wjcxje-shard-00-01.sjmtr4c.mongodb.net:27017
com.mongodb.MongoSocketReadException: Exception receiving message
	at com.mongodb.internal.connection.InternalStreamConnection.translateReadException(InternalStreamConnection.java:814)
	at com.mongodb.internal.connection.InternalStreamConnection.receiveResponseBuffers(InternalStreamConnection.java:862)
	at com.mongodb.internal.connection.InternalStreamConnection.receiveCommandMessageResponse(InternalStreamConnection.java:517)
	at com.mongodb.internal.connection.InternalStreamConnection.receive(InternalStreamConnection.java:469)
	at com.mongodb.internal.connection.DefaultServerMonitor$ServerMonitor.lookupServerDescription(DefaultServerMonitor.java:249)
	at com.mongodb.internal.connection.DefaultServerMonitor$ServerMonitor.run(DefaultServerMonitor.java:176)
Caused by: java.net.SocketException: Connection reset
	at java.base/sun.nio.ch.NioSocketImpl.implRead(NioSocketImpl.java:316)
	at java.base/sun.nio.ch.NioSocketImpl.read(NioSocketImpl.java:354)
	at java.base/sun.nio.ch.NioSocketImpl$1.read(NioSocketImpl.java:798)
	at java.base/java.net.Socket$SocketInputStream.implRead(Socket.java:974)
	at java.base/java.net.Socket$SocketInputStream.read(Socket.java:964)
	at java.base/sun.security.ssl.SSLSocketInputRecord.read(SSLSocketInputRecord.java:489)
	at java.base/sun.security.ssl.SSLSocketInputRecord.readHeader(SSLSocketInputRecord.java:483)
	at java.base/sun.security.ssl.SSLSocketInputRecord.bytesInCompletePacket(SSLSocketInputRecord.java:70)
	at java.base/sun.security.ssl.SSLSocketImpl.readApplicationRecord(SSLSocketImpl.java:1461)
	at java.base/sun.security.ssl.SSLSocketImpl$AppInputStream.read(SSLSocketImpl.java:1068)
	at com.mongodb.internal.connection.SocketStream.read(SocketStream.java:182)
	at com.mongodb.internal.connection.InternalStreamConnection.receiveResponseBuffers(InternalStreamConnection.java:829)
	... 4 common frames omitted
2026-02-02 08:47:24 [cluster-ClusterId{value='697c8d82bc658857a687767e', description='null'}-ac-1wjcxje-shard-00-00.sjmtr4c.mongodb.net:27017] INFO  org.mongodb.driver.cluster - Exception in monitor thread while connecting to server ac-1wjcxje-shard-00-00.sjmtr4c.mongodb.net:27017
com.mongodb.MongoSocketReadException: Exception receiving message
	at com.mongodb.internal.connection.InternalStreamConnection.translateReadException(InternalStreamConnection.java:814)
	at com.mongodb.internal.connection.InternalStreamConnection.receiveResponseBuffers(InternalStreamConnection.java:862)
	at com.mongodb.internal.connection.InternalStreamConnection.receiveCommandMessageResponse(InternalStreamConnection.java:517)
	at com.mongodb.internal.connection.InternalStreamConnection.receive(InternalStreamConnection.java:469)
	at com.mongodb.internal.connection.DefaultServerMonitor$ServerMonitor.lookupServerDescription(DefaultServerMonitor.java:249)
	at com.mongodb.internal.connection.DefaultServerMonitor$ServerMonitor.run(DefaultServerMonitor.java:176)
Caused by: java.net.SocketException: Connection reset
	at java.base/sun.nio.ch.NioSocketImpl.implRead(NioSocketImpl.java:316)
	at java.base/sun.nio.ch.NioSocketImpl.read(NioSocketImpl.java:354)
	at java.base/sun.nio.ch.NioSocketImpl$1.read(NioSocketImpl.java:798)
	at java.base/java.net.Socket$SocketInputStream.implRead(Socket.java:974)
	at java.base/java.net.Socket$SocketInputStream.read(Socket.java:964)
	at java.base/sun.security.ssl.SSLSocketInputRecord.read(SSLSocketInputRecord.java:489)
	at java.base/sun.security.ssl.SSLSocketInputRecord.readHeader(SSLSocketInputRecord.java:483)
	at java.base/sun.security.ssl.SSLSocketInputRecord.bytesInCompletePacket(SSLSocketInputRecord.java:70)
	at java.base/sun.security.ssl.SSLSocketImpl.readApplicationRecord(SSLSocketImpl.java:1461)
	at java.base/sun.security.ssl.SSLSocketImpl$AppInputStream.read(SSLSocketImpl.java:1068)
	at com.mongodb.internal.connection.SocketStream.read(SocketStream.java:182)
	at com.mongodb.internal.connection.InternalStreamConnection.receiveResponseBuffers(InternalStreamConnection.java:829)
	... 4 common frames omitted
2026-02-02 08:47:24 [cluster-ClusterId{value='697c8d82bc658857a687767e', description='null'}-ac-1wjcxje-shard-00-01.sjmtr4c.mongodb.net:27017] INFO  org.mongodb.driver.cluster - Monitor thread successfully connected to server with description ServerDescription{address=ac-1wjcxje-shard-00-01.sjmtr4c.mongodb.net:27017, type=REPLICA_SET_SECONDARY, cryptd=false, state=CONNECTED, ok=true, minWireVersion=0, maxWireVersion=25, maxDocumentSize=16777216, logicalSessionTimeoutMinutes=30, roundTripTimeNanos=79611700, minRoundTripTimeNanos=0, setName='atlas-haws0i-shard-0', canonicalAddress=ac-1wjcxje-shard-00-01.sjmtr4c.mongodb.net:27017, hosts=[ac-1wjcxje-shard-00-01.sjmtr4c.mongodb.net:27017, ac-1wjcxje-shard-00-00.sjmtr4c.mongodb.net:27017, ac-1wjcxje-shard-00-02.sjmtr4c.mongodb.net:27017], passives=[], arbiters=[], primary='ac-1wjcxje-shard-00-02.sjmtr4c.mongodb.net:27017', tagSet=TagSet{[Tag{name='availabilityZone', value='aps1-az3'}, Tag{name='diskState', value='READY'}, Tag{name='nodeType', value='ELECTABLE'}, Tag{name='provider', value='AWS'}, Tag{name='region', value='AP_SOUTH_1'}, Tag{name='workloadType', value='OPERATIONAL'}]}, electionId=null, setVersion=341, topologyVersion=TopologyVersion{processId=697a5f7aa82e8f7f590fafdc, counter=3}, lastWriteDate=Mon Feb 02 08:47:23 IST 2026, lastUpdateTimeNanos=1973612333535500}
2026-02-02 08:47:24 [cluster-ClusterId{value='697c8d82bc658857a687767e', description='null'}-ac-1wjcxje-shard-00-02.sjmtr4c.mongodb.net:27017] INFO  org.mongodb.driver.cluster - Monitor thread successfully connected to server with description ServerDescription{address=ac-1wjcxje-shard-00-02.sjmtr4c.mongodb.net:27017, type=REPLICA_SET_PRIMARY, cryptd=false, state=CONNECTED, ok=true, minWireVersion=0, maxWireVersion=25, maxDocumentSize=16777216, logicalSessionTimeoutMinutes=30, roundTripTimeNanos=78421000, minRoundTripTimeNanos=0, setName='atlas-haws0i-shard-0', canonicalAddress=ac-1wjcxje-shard-00-02.sjmtr4c.mongodb.net:27017, hosts=[ac-1wjcxje-shard-00-01.sjmtr4c.mongodb.net:27017, ac-1wjcxje-shard-00-00.sjmtr4c.mongodb.net:27017, ac-1wjcxje-shard-00-02.sjmtr4c.mongodb.net:27017], passives=[], arbiters=[], primary='ac-1wjcxje-shard-00-02.sjmtr4c.mongodb.net:27017', tagSet=TagSet{[Tag{name='availabilityZone', value='aps1-az2'}, Tag{name='diskState', value='READY'}, Tag{name='nodeType', value='ELECTABLE'}, Tag{name='provider', value='AWS'}, Tag{name='region', value='AP_SOUTH_1'}, Tag{name='workloadType', value='OPERATIONAL'}]}, electionId=7fffffff000000000000013a, setVersion=341, topologyVersion=TopologyVersion{processId=697a5c70ead2efa82e307c5d, counter=6}, lastWriteDate=Mon Feb 02 08:47:23 IST 2026, lastUpdateTimeNanos=1973612330014000}
2026-02-02 08:47:24 [cluster-ClusterId{value='697c8d82bc658857a687767e', description='null'}-ac-1wjcxje-shard-00-02.sjmtr4c.mongodb.net:27017] INFO  org.mongodb.driver.cluster - Discovered replica set primary ac-1wjcxje-shard-00-02.sjmtr4c.mongodb.net:27017 with max election id 7fffffff000000000000013a and max set version 341
2026-02-02 08:47:24 [cluster-ClusterId{value='697c8d82bc658857a687767e', description='null'}-ac-1wjcxje-shard-00-00.sjmtr4c.mongodb.net:27017] INFO  org.mongodb.driver.cluster - Monitor thread successfully connected to server with description ServerDescription{address=ac-1wjcxje-shard-00-00.sjmtr4c.mongodb.net:27017, type=REPLICA_SET_SECONDARY, cryptd=false, state=CONNECTED, ok=true, minWireVersion=0, maxWireVersion=25, maxDocumentSize=16777216, logicalSessionTimeoutMinutes=30, roundTripTimeNanos=76672900, minRoundTripTimeNanos=0, setName='atlas-haws0i-shard-0', canonicalAddress=ac-1wjcxje-shard-00-00.sjmtr4c.mongodb.net:27017, hosts=[ac-1wjcxje-shard-00-01.sjmtr4c.mongodb.net:27017, ac-1wjcxje-shard-00-00.sjmtr4c.mongodb.net:27017, ac-1wjcxje-shard-00-02.sjmtr4c.mongodb.net:27017], passives=[], arbiters=[], primary='ac-1wjcxje-shard-00-02.sjmtr4c.mongodb.net:27017', tagSet=TagSet{[Tag{name='availabilityZone', value='aps1-az1'}, Tag{name='diskState', value='READY'}, Tag{name='nodeType', value='ELECTABLE'}, Tag{name='provider', value='AWS'}, Tag{name='region', value='AP_SOUTH_1'}, Tag{name='workloadType', value='OPERATIONAL'}]}, electionId=null, setVersion=341, topologyVersion=TopologyVersion{processId=697a595ecce0cfc5fc9449d1, counter=4}, lastWriteDate=Mon Feb 02 08:47:23 IST 2026, lastUpdateTimeNanos=1973612330608100}
2026-02-02 08:49:24 [AsyncResolver-bootstrap-executor-%d] INFO  c.n.d.s.r.aws.ConfigClusterResolver - Resolving eureka endpoints via configuration
2026-02-02 08:54:24 [AsyncResolver-bootstrap-executor-%d] INFO  c.n.d.s.r.aws.ConfigClusterResolver - Resolving eureka endpoints via configuration
2026-02-02 08:59:24 [AsyncResolver-bootstrap-executor-%d] INFO  c.n.d.s.r.aws.ConfigClusterResolver - Resolving eureka endpoints via configuration